<?xml version="1.0" encoding="utf-8"?><testsuites><testsuite errors="0" failures="0" hostname="travis-job-844124bc-03ba-439d-8b00-d8b1ce667814" name="pytest" skipped="1" tests="6" time="0.256" timestamp="2020-04-24T16:40:08.738771"><testcase classname="mixture.tests.core.test_core_apply" file="mixture/tests/core/test_core_apply.py" line="13" name="test_apply_mixins[oldstyle=False]" time="0.004"></testcase><testcase classname="mixture.tests.core.test_core_apply" file="mixture/tests/core/test_core_apply.py" line="13" name="test_apply_mixins[oldstyle=True]" time="0.001"><skipped message="it is not possible to create an old style class with python 3+" type="pytest.skip">/home/travis/build/smarie/python-mixture/mixture/tests/core/test_core_apply.py:38: it is not possible to create an old style class with python 3+</skipped></testcase><testcase classname="mixture.tests.core.test_core_apply" file="mixture/tests/core/test_core_apply.py" line="55" name="test_apply_mixins_warning_none" time="0.001"></testcase><testcase classname="mixture.tests.core.test_core_apply" file="mixture/tests/core/test_core_apply.py" line="78" name="test_apply_mixins_warning_init" time="0.001"></testcase><testcase classname="mixture.tests.core.test_doc" file="mixture/tests/core/test_doc.py" line="12" name="test_doc_basic[do_apply=False]" time="0.002"></testcase><testcase classname="mixture.tests.core.test_doc" file="mixture/tests/core/test_doc.py" line="12" name="test_doc_basic[do_apply=True]" time="0.002"></testcase></testsuite></testsuites>