<?xml version="1.0" encoding="utf-8"?><testsuite errors="0" failures="0" name="pytest" skips="0" tests="1" time="0.041"><testcase classname="mixture.tests.test_main" file="mixture/tests/test_main.py" line="0" name="test_dummy" time="0.002256155014038086"></testcase></testsuite>