<?xml version="1.0" encoding="utf-8"?><testsuite errors="0" failures="0" name="pytest" skips="1" tests="7" time="0.217"><testcase classname="mixture.tests.test_doc" file="mixture/tests/test_doc.py" line="10" name="test_doc_basic[use_inheritance=False]" time="0.0035562515258789062"></testcase><testcase classname="mixture.tests.test_doc" file="mixture/tests/test_doc.py" line="10" name="test_doc_basic[use_inheritance=True]" time="0.002536773681640625"></testcase><testcase classname="mixture.tests.test_main" file="mixture/tests/test_main.py" line="10" name="test_apply_mixins[oldstyle=False]" time="0.0015108585357666016"></testcase><testcase classname="mixture.tests.test_main" file="mixture/tests/test_main.py" line="10" name="test_apply_mixins[oldstyle=True]" time="0.001516103744506836"><skipped message="it is not possible to create an old style class with python 3+" type="pytest.skip">/home/travis/build/smarie/python-mixture/mixture/tests/test_main.py:35: it is not possible to create an old style class with python 3+</skipped></testcase><testcase classname="mixture.tests.test_main" file="mixture/tests/test_main.py" line="52" name="test_apply_mixins_warning_none" time="0.0042803287506103516"></testcase><testcase classname="mixture.tests.test_main" file="mixture/tests/test_main.py" line="77" name="test_apply_mixins_warning_init" time="0.004773855209350586"></testcase><testcase classname="mixture.tests.test_main" file="mixture/tests/test_main.py" line="89" name="test_apply_mixins_warning_abc" time="0.004216194152832031"></testcase></testsuite>