<?xml version="1.0" encoding="utf-8"?><testsuites><testsuite errors="0" failures="0" hostname="travis-job-956d7659-295a-44e7-9a93-e5b3f47b9912" name="pytest" skipped="2" tests="13" time="0.274" timestamp="2019-09-06T12:07:02.349931"><testcase classname="mixture.core" file="mixture/core.py" line="208" name="mixture.core.field" time="0.007"><skipped message="this doctest does not work on python &lt;3.6 beacause `name` is mandatory" type="pytest.skip">&lt;doctest mixture.core.field[1]&gt;:2: this doctest does not work on python &lt;3.6 beacause `name` is mandatory</skipped></testcase><testcase classname="mixture.tests.core.test_core_apply" file="mixture/tests/core/test_core_apply.py" line="13" name="test_apply_mixins[oldstyle=False]" time="0.003"></testcase><testcase classname="mixture.tests.core.test_core_apply" file="mixture/tests/core/test_core_apply.py" line="13" name="test_apply_mixins[oldstyle=True]" time="0.002"><skipped message="it is not possible to create an old style class with python 3+" type="pytest.skip">/home/travis/build/smarie/python-mixture/mixture/tests/core/test_core_apply.py:38: it is not possible to create an old style class with python 3+</skipped></testcase><testcase classname="mixture.tests.core.test_core_apply" file="mixture/tests/core/test_core_apply.py" line="55" name="test_apply_mixins_warning_none" time="0.002"></testcase><testcase classname="mixture.tests.core.test_core_apply" file="mixture/tests/core/test_core_apply.py" line="78" name="test_apply_mixins_warning_init" time="0.002"></testcase><testcase classname="mixture.tests.core.test_core_fields" file="mixture/tests/core/test_core_fields.py" line="10" name="test_field[type_=default_factory-read_first=False]" time="0.003"></testcase><testcase classname="mixture.tests.core.test_core_fields" file="mixture/tests/core/test_core_fields.py" line="10" name="test_field[type_=default_factory-read_first=True]" time="0.002"></testcase><testcase classname="mixture.tests.core.test_core_fields" file="mixture/tests/core/test_core_fields.py" line="10" name="test_field[type_=default-read_first=False]" time="0.002"></testcase><testcase classname="mixture.tests.core.test_core_fields" file="mixture/tests/core/test_core_fields.py" line="10" name="test_field[type_=default-read_first=True]" time="0.002"></testcase><testcase classname="mixture.tests.core.test_core_fields" file="mixture/tests/core/test_core_fields.py" line="10" name="test_field[type_=mandatory-read_first=False]" time="0.003"></testcase><testcase classname="mixture.tests.core.test_core_fields" file="mixture/tests/core/test_core_fields.py" line="10" name="test_field[type_=mandatory-read_first=True]" time="0.003"></testcase><testcase classname="mixture.tests.core.test_doc" file="mixture/tests/core/test_doc.py" line="13" name="test_doc_basic[do_apply=False]" time="0.004"></testcase><testcase classname="mixture.tests.core.test_doc" file="mixture/tests/core/test_doc.py" line="13" name="test_doc_basic[do_apply=True]" time="0.004"></testcase></testsuite></testsuites>