<?xml version="1.0" encoding="utf-8"?><testsuite errors="0" failures="0" name="pytest" skips="1" tests="5" time="0.166"><testcase classname="mixture.tests.test_main" file="mixture/tests/test_main.py" line="10" name="test_apply_mixins[oldstyle=False]" time="0.0020682811737060547"></testcase><testcase classname="mixture.tests.test_main" file="mixture/tests/test_main.py" line="10" name="test_apply_mixins[oldstyle=True]" time="0.0014812946319580078"><skipped message="it is not possible to create an old style class with python 3+" type="pytest.skip">/home/travis/build/smarie/python-mixture/mixture/tests/test_main.py:35: it is not possible to create an old style class with python 3+</skipped></testcase><testcase classname="mixture.tests.test_main" file="mixture/tests/test_main.py" line="48" name="test_apply_mixins_warning_none" time="0.0017893314361572266"></testcase><testcase classname="mixture.tests.test_main" file="mixture/tests/test_main.py" line="73" name="test_apply_mixins_warning_init" time="0.0018014907836914062"></testcase><testcase classname="mixture.tests.test_main" file="mixture/tests/test_main.py" line="85" name="test_apply_mixins_warning_abc" time="0.0016582012176513672"></testcase></testsuite>